--TEST--
Check globs
--SKIPIF--
--FILE--
array(4) {
  [0]=>
  string(13) "txt/ifile.txt"
  [1]=>
  string(16) "txt/override.txt"
  [2]=>
  string(16) "txt/sometext.txt"
  [3]=>
  string(13) "txt/tfile.txt"
}
array(4) {
  [0]=>
  string(13) "txt/ifile.txt"
  [1]=>
  string(16) "txt/override.txt"
  [2]=>
  string(16) "txt/sometext.txt"
  [3]=>
  string(13) "txt/tfile.txt"
}
array(1) {
  [0]=>
  string(14) "templdir/t.txt"
}
array(1) {
  [0]=>
  string(13) "instdir/t.txt"
}
array(1) {
  [0]=>
  string(15) "cache/cache.txt"
}
array(13) {
  [0]=>
  string(3) "api"
  [1]=>
  string(5) "cache"
  [2]=>
  string(8) "conflict"
  [3]=>
  string(9) "conflict2"
  [4]=>
  string(6) "custom"
  [5]=>
  string(12) "iinclude.php"
  [6]=>
  string(17) "instance_only.php"
  [7]=>
  string(7) "instdir"
  [8]=>
  string(12) "manifest.php"
  [9]=>
  string(10) "nowritedir"
  [10]=>
  string(3) "qwe"
  [11]=>
  string(8) "test.php"
  [12]=>
  string(3) "txt"
}
array(13) {
  [0]=>
  string(3) "api"
  [1]=>
  string(5) "cache"
  [2]=>
  string(8) "conflict"
  [3]=>
  string(9) "conflict2"
  [4]=>
  string(6) "custom"
  [5]=>
  string(12) "iinclude.php"
  [6]=>
  string(17) "instance_only.php"
  [7]=>
  string(7) "instdir"
  [8]=>
  string(12) "manifest.php"
  [9]=>
  string(10) "nowritedir"
  [10]=>
  string(3) "qwe"
  [11]=>
  string(8) "test.php"
  [12]=>
  string(3) "txt"
}
array(2) {
  [0]=>
  string(8) "instance"
  [1]=>
  string(11) "templatedir"
}
--EXPECT--
array(3) {
  [0]=>
  string(13) "txt/ifile.txt"
  [1]=>
  string(16) "txt/override.txt"
  [2]=>
  string(13) "txt/tfile.txt"
}
array(3) {
  [0]=>
  string(13) "txt/ifile.txt"
  [1]=>
  string(16) "txt/override.txt"
  [2]=>
  string(13) "txt/tfile.txt"
}
array(1) {
  [0]=>
  string(14) "templdir/t.txt"
}
array(1) {
  [0]=>
  string(13) "instdir/t.txt"
}
array(1) {
  [0]=>
  string(15) "cache/cache.txt"
}
array(9) {
  [0]=>
  string(5) "cache"
  [1]=>
  string(6) "custom"
  [2]=>
  string(12) "iinclude.php"
  [3]=>
  string(17) "instance_only.php"
  [4]=>
  string(7) "instdir"
  [5]=>
  string(12) "manifest.php"
  [6]=>
  string(10) "nowritedir"
  [7]=>
  string(8) "test.php"
  [8]=>
  string(3) "txt"
}
array(9) {
  [0]=>
  string(5) "cache"
  [1]=>
  string(6) "custom"
  [2]=>
  string(12) "iinclude.php"
  [3]=>
  string(17) "instance_only.php"
  [4]=>
  string(7) "instdir"
  [5]=>
  string(12) "manifest.php"
  [6]=>
  string(10) "nowritedir"
  [7]=>
  string(8) "test.php"
  [8]=>
  string(3) "txt"
}
array(2) {
  [0]=>
  string(8) "instance"
  [1]=>
  string(11) "templatedir"
}
